2025-07-10 21:05:18,252 - utils - INFO - Connecting to Telegram...
2025-07-10 21:05:18,252 - telethon.network.mtprotosender - INFO - Connecting to 149.154.167.91:443/TcpFull...
2025-07-10 21:05:18,380 - telethon.network.mtprotosender - INFO - Connection to 149.154.167.91:443/TcpFull complete!
2025-07-10 21:05:20,610 - utils - ERROR - Could not scrape https://t.me/chemed_medical_equipment: No user has "chemed_medical_equipment" as username
2025-07-10 21:05:20,911 - utils - INFO - Starting scraping for channel: lobelia4cosmetics
2025-07-10 21:05:21,338 - telethon.client.downloads - INFO - Starting direct file download in chunks of 131072 at 0, stride 131072
2025-07-10 21:05:24,314 - utils - INFO - Downloaded image for message ID 18517 (Date: 2025-07-10) to data/raw/telegram_images/2025-07-10/lobelia4cosmetics/18517.jpg
2025-07-10 21:05:24,314 - telethon.client.downloads - INFO - Starting direct file download in chunks of 131072 at 0, stride 131072
2025-07-10 21:05:26,621 - utils - INFO - Downloaded image for message ID 18516 (Date: 2025-07-10) to data/raw/telegram_images/2025-07-10/lobelia4cosmetics/18516.jpg
2025-07-10 21:05:26,621 - telethon.client.downloads - INFO - Starting direct file download in chunks of 131072 at 0, stride 131072
2025-07-10 21:05:31,298 - utils - INFO - Downloaded image for message ID 18515 (Date: 2025-07-10) to data/raw/telegram_images/2025-07-10/lobelia4cosmetics/18515.jpg
2025-07-10 21:05:31,298 - telethon.client.downloads - INFO - Starting direct file download in chunks of 131072 at 0, stride 131072
2025-07-10 21:05:31,795 - utils - INFO - Downloaded image for message ID 18514 (Date: 2025-07-10) to data/raw/telegram_images/2025-07-10/lobelia4cosmetics/18514.jpg
2025-07-10 21:05:31,795 - telethon.client.downloads - INFO - Starting direct file download in chunks of 131072 at 0, stride 131072
2025-07-10 21:05:32,184 - utils - INFO - Downloaded image for message ID 18513 (Date: 2025-07-10) to data/raw/telegram_images/2025-07-10/lobelia4cosmetics/18513.jpg
2025-07-10 21:05:32,185 - telethon.client.downloads - INFO - Starting direct file download in chunks of 131072 at 0, stride 131072
2025-07-10 21:05:33,800 - utils - INFO - Downloaded image for message ID 18512 (Date: 2025-07-10) to data/raw/telegram_images/2025-07-10/lobelia4cosmetics/18512.jpg
2025-07-10 21:05:33,801 - telethon.client.downloads - INFO - Starting direct file download in chunks of 131072 at 0, stride 131072
2025-07-10 21:05:36,407 - utils - INFO - Downloaded image for message ID 18511 (Date: 2025-07-10) to data/raw/telegram_images/2025-07-10/lobelia4cosmetics/18511.jpg
2025-07-10 21:05:36,407 - telethon.client.downloads - INFO - Starting direct file download in chunks of 131072 at 0, stride 131072
2025-07-10 21:05:40,208 - utils - INFO - Downloaded image for message ID 18510 (Date: 2025-07-10) to data/raw/telegram_images/2025-07-10/lobelia4cosmetics/18510.jpg
2025-07-10 21:05:40,209 - telethon.client.downloads - INFO - Starting direct file download in chunks of 131072 at 0, stride 131072
2025-07-10 21:05:43,695 - utils - INFO - Downloaded image for message ID 18509 (Date: 2025-07-10) to data/raw/telegram_images/2025-07-10/lobelia4cosmetics/18509.jpg
2025-07-10 21:05:43,695 - telethon.client.downloads - INFO - Starting direct file download in chunks of 131072 at 0, stride 131072
2025-07-10 21:05:55,078 - utils - INFO - Downloaded image for message ID 18508 (Date: 2025-07-10) to data/raw/telegram_images/2025-07-10/lobelia4cosmetics/18508.jpg
2025-07-10 21:05:55,078 - utils - INFO - Finished scraping 10 messages and 10 images from lobelia4cosmetics.
2025-07-10 21:05:55,084 - utils - INFO - Raw data for lobelia4cosmetics on 2025-07-10 saved to data/raw/telegram_messages/2025-07-10/lobelia4cosmetics.json
2025-07-10 21:06:00,237 - utils - INFO - Starting scraping for channel: tikvahpharma
2025-07-10 21:06:01,397 - utils - INFO - Skipping non-image media for message ID 172141 (Date: 2025-07-10, type: None)
2025-07-10 21:06:01,398 - telethon.client.downloads - INFO - Starting direct file download in chunks of 131072 at 0, stride 131072
2025-07-10 21:06:08,803 - utils - INFO - Downloaded image for message ID 172139 (Date: 2025-07-10) to data/raw/telegram_images/2025-07-10/tikvahpharma/172139.jpg
2025-07-10 21:06:08,803 - telethon.client.downloads - INFO - Starting direct file download in chunks of 131072 at 0, stride 131072
2025-07-10 21:06:11,877 - utils - INFO - Downloaded image for message ID 172138 (Date: 2025-07-10) to data/raw/telegram_images/2025-07-10/tikvahpharma/172138.jpg
2025-07-10 21:06:11,878 - telethon.client.downloads - INFO - Starting direct file download in chunks of 131072 at 0, stride 131072
2025-07-10 21:06:23,689 - utils - INFO - Downloaded image for message ID 172137 (Date: 2025-07-10) to data/raw/telegram_images/2025-07-10/tikvahpharma/172137.jpg
2025-07-10 21:06:23,689 - telethon.client.downloads - INFO - Starting direct file download in chunks of 131072 at 0, stride 131072
2025-07-10 21:06:33,376 - utils - INFO - Downloaded image for message ID 172136 (Date: 2025-07-10) to data/raw/telegram_images/2025-07-10/tikvahpharma/172136.jpg
2025-07-10 21:06:33,377 - telethon.client.downloads - INFO - Starting direct file download in chunks of 131072 at 0, stride 131072
2025-07-10 21:06:46,152 - utils - INFO - Downloaded image for message ID 172135 (Date: 2025-07-10) to data/raw/telegram_images/2025-07-10/tikvahpharma/172135.jpg
2025-07-10 21:06:46,153 - utils - INFO - Finished scraping 10 messages and 5 images from tikvahpharma.
2025-07-10 21:06:46,153 - utils - INFO - Raw data for tikvahpharma on 2025-07-10 saved to data/raw/telegram_messages/2025-07-10/tikvahpharma.json
2025-07-10 21:06:51,159 - telethon.network.mtprotosender - INFO - Disconnecting from 149.154.167.91:443/TcpFull...
2025-07-10 21:06:51,159 - telethon.network.mtprotosender - INFO - Disconnection from 149.154.167.91:443/TcpFull complete!
2025-07-10 21:06:51,170 - utils - INFO - Telegram client disconnected.
2025-07-10 23:01:38,521 - utils - INFO - Connecting to Telegram...
2025-07-10 23:01:38,522 - telethon.network.mtprotosender - INFO - Connecting to 149.154.167.91:443/TcpFull...
2025-07-10 23:01:39,674 - telethon.network.mtprotosender - INFO - Connection to 149.154.167.91:443/TcpFull complete!
2025-07-10 23:01:41,173 - utils - INFO - Starting scraping for channel: CheMed123
2025-07-10 23:01:42,298 - telethon.client.downloads - INFO - Starting direct file download in chunks of 131072 at 0, stride 131072
2025-07-10 23:01:45,777 - utils - INFO - Downloaded image for message ID 97 (Date: 2023-02-10) to data/raw/telegram_images/2023-02-10/CheMed123/97.jpg
2025-07-10 23:01:45,778 - telethon.client.downloads - INFO - Starting direct file download in chunks of 131072 at 0, stride 131072
2025-07-10 23:01:49,850 - utils - INFO - Downloaded image for message ID 96 (Date: 2023-02-02) to data/raw/telegram_images/2023-02-02/CheMed123/96.jpg
2025-07-10 23:01:49,851 - telethon.client.downloads - INFO - Starting direct file download in chunks of 131072 at 0, stride 131072
2025-07-10 23:01:51,800 - utils - INFO - Downloaded image for message ID 95 (Date: 2023-02-01) to data/raw/telegram_images/2023-02-01/CheMed123/95.jpg
2025-07-10 23:01:51,800 - telethon.client.downloads - INFO - Starting direct file download in chunks of 131072 at 0, stride 131072
2025-07-10 23:01:54,450 - utils - INFO - Downloaded image for message ID 94 (Date: 2023-01-31) to data/raw/telegram_images/2023-01-31/CheMed123/94.jpg
2025-07-10 23:01:54,452 - telethon.client.downloads - INFO - Starting direct file download in chunks of 131072 at 0, stride 131072
2025-07-10 23:01:58,933 - utils - INFO - Downloaded image for message ID 93 (Date: 2023-01-30) to data/raw/telegram_images/2023-01-30/CheMed123/93.jpg
2025-07-10 23:01:58,933 - telethon.client.downloads - INFO - Starting direct file download in chunks of 131072 at 0, stride 131072
2025-07-10 23:02:04,703 - utils - INFO - Downloaded image for message ID 92 (Date: 2023-01-27) to data/raw/telegram_images/2023-01-27/CheMed123/92.jpg
2025-07-10 23:02:04,703 - telethon.client.downloads - INFO - Starting direct file download in chunks of 131072 at 0, stride 131072
2025-07-10 23:02:07,691 - utils - INFO - Downloaded image for message ID 91 (Date: 2023-01-26) to data/raw/telegram_images/2023-01-26/CheMed123/91.jpg
2025-07-10 23:02:07,691 - telethon.client.downloads - INFO - Starting direct file download in chunks of 131072 at 0, stride 131072
2025-07-10 23:02:14,616 - utils - INFO - Downloaded image for message ID 90 (Date: 2023-01-23) to data/raw/telegram_images/2023-01-23/CheMed123/90.jpg
2025-07-10 23:02:14,616 - utils - INFO - Skipping non-image media for message ID 89 (Date: 2023-01-17, type: document)
2025-07-10 23:02:14,617 - telethon.client.downloads - INFO - Starting direct file download in chunks of 131072 at 0, stride 131072
2025-07-10 23:02:18,302 - utils - INFO - Downloaded image for message ID 88 (Date: 2023-01-17) to data/raw/telegram_images/2023-01-17/CheMed123/88.jpg
2025-07-10 23:02:18,302 - utils - INFO - Finished scraping 10 messages and 9 images from CheMed123.
2025-07-10 23:02:18,311 - utils - INFO - Raw data for CheMed123 on 2023-02-10 saved to data/raw/telegram_messages/2023-02-10/CheMed123.json
2025-07-10 23:02:18,311 - utils - INFO - Raw data for CheMed123 on 2023-02-02 saved to data/raw/telegram_messages/2023-02-02/CheMed123.json
2025-07-10 23:02:18,312 - utils - INFO - Raw data for CheMed123 on 2023-02-01 saved to data/raw/telegram_messages/2023-02-01/CheMed123.json
2025-07-10 23:02:18,312 - utils - INFO - Raw data for CheMed123 on 2023-01-31 saved to data/raw/telegram_messages/2023-01-31/CheMed123.json
2025-07-10 23:02:18,312 - utils - INFO - Raw data for CheMed123 on 2023-01-30 saved to data/raw/telegram_messages/2023-01-30/CheMed123.json
2025-07-10 23:02:18,312 - utils - INFO - Raw data for CheMed123 on 2023-01-27 saved to data/raw/telegram_messages/2023-01-27/CheMed123.json
2025-07-10 23:02:18,313 - utils - INFO - Raw data for CheMed123 on 2023-01-26 saved to data/raw/telegram_messages/2023-01-26/CheMed123.json
2025-07-10 23:02:18,313 - utils - INFO - Raw data for CheMed123 on 2023-01-23 saved to data/raw/telegram_messages/2023-01-23/CheMed123.json
2025-07-10 23:02:18,313 - utils - INFO - Raw data for CheMed123 on 2023-01-17 saved to data/raw/telegram_messages/2023-01-17/CheMed123.json
2025-07-10 23:02:23,486 - utils - INFO - Starting scraping for channel: lobelia4cosmetics
2025-07-10 23:02:23,655 - telethon.client.downloads - INFO - Starting direct file download in chunks of 131072 at 0, stride 131072
2025-07-10 23:02:24,262 - utils - INFO - Downloaded image for message ID 18517 (Date: 2025-07-10) to data/raw/telegram_images/2025-07-10/lobelia4cosmetics/18517.jpg
2025-07-10 23:02:24,263 - telethon.client.downloads - INFO - Starting direct file download in chunks of 131072 at 0, stride 131072
2025-07-10 23:02:25,127 - utils - INFO - Downloaded image for message ID 18516 (Date: 2025-07-10) to data/raw/telegram_images/2025-07-10/lobelia4cosmetics/18516.jpg
2025-07-10 23:02:25,127 - telethon.client.downloads - INFO - Starting direct file download in chunks of 131072 at 0, stride 131072
2025-07-10 23:02:27,596 - utils - INFO - Downloaded image for message ID 18515 (Date: 2025-07-10) to data/raw/telegram_images/2025-07-10/lobelia4cosmetics/18515.jpg
2025-07-10 23:02:27,597 - telethon.client.downloads - INFO - Starting direct file download in chunks of 131072 at 0, stride 131072
2025-07-10 23:02:28,190 - utils - INFO - Downloaded image for message ID 18514 (Date: 2025-07-10) to data/raw/telegram_images/2025-07-10/lobelia4cosmetics/18514.jpg
2025-07-10 23:02:28,190 - telethon.client.downloads - INFO - Starting direct file download in chunks of 131072 at 0, stride 131072
2025-07-10 23:02:28,823 - utils - INFO - Downloaded image for message ID 18513 (Date: 2025-07-10) to data/raw/telegram_images/2025-07-10/lobelia4cosmetics/18513.jpg
2025-07-10 23:02:28,823 - telethon.client.downloads - INFO - Starting direct file download in chunks of 131072 at 0, stride 131072
2025-07-10 23:02:29,310 - utils - INFO - Downloaded image for message ID 18512 (Date: 2025-07-10) to data/raw/telegram_images/2025-07-10/lobelia4cosmetics/18512.jpg
2025-07-10 23:02:29,310 - telethon.client.downloads - INFO - Starting direct file download in chunks of 131072 at 0, stride 131072
2025-07-10 23:02:29,970 - utils - INFO - Downloaded image for message ID 18511 (Date: 2025-07-10) to data/raw/telegram_images/2025-07-10/lobelia4cosmetics/18511.jpg
2025-07-10 23:02:29,970 - telethon.client.downloads - INFO - Starting direct file download in chunks of 131072 at 0, stride 131072
2025-07-10 23:02:31,099 - utils - INFO - Downloaded image for message ID 18510 (Date: 2025-07-10) to data/raw/telegram_images/2025-07-10/lobelia4cosmetics/18510.jpg
2025-07-10 23:02:31,099 - telethon.client.downloads - INFO - Starting direct file download in chunks of 131072 at 0, stride 131072
2025-07-10 23:02:32,867 - utils - INFO - Downloaded image for message ID 18509 (Date: 2025-07-10) to data/raw/telegram_images/2025-07-10/lobelia4cosmetics/18509.jpg
2025-07-10 23:02:32,867 - telethon.client.downloads - INFO - Starting direct file download in chunks of 131072 at 0, stride 131072
2025-07-10 23:02:35,609 - utils - INFO - Downloaded image for message ID 18508 (Date: 2025-07-10) to data/raw/telegram_images/2025-07-10/lobelia4cosmetics/18508.jpg
2025-07-10 23:02:35,609 - utils - INFO - Finished scraping 10 messages and 10 images from lobelia4cosmetics.
2025-07-10 23:02:35,610 - utils - INFO - Raw data for lobelia4cosmetics on 2025-07-10 saved to data/raw/telegram_messages/2025-07-10/lobelia4cosmetics.json
2025-07-10 23:02:40,797 - utils - INFO - Starting scraping for channel: tikvahpharma
2025-07-10 23:02:40,985 - utils - INFO - Skipping non-image media for message ID 172141 (Date: 2025-07-10, type: None)
2025-07-10 23:02:40,986 - telethon.client.downloads - INFO - Starting direct file download in chunks of 131072 at 0, stride 131072
2025-07-10 23:02:43,962 - utils - INFO - Downloaded image for message ID 172139 (Date: 2025-07-10) to data/raw/telegram_images/2025-07-10/tikvahpharma/172139.jpg
2025-07-10 23:02:43,962 - telethon.client.downloads - INFO - Starting direct file download in chunks of 131072 at 0, stride 131072
2025-07-10 23:02:45,307 - utils - INFO - Downloaded image for message ID 172138 (Date: 2025-07-10) to data/raw/telegram_images/2025-07-10/tikvahpharma/172138.jpg
2025-07-10 23:02:45,307 - telethon.client.downloads - INFO - Starting direct file download in chunks of 131072 at 0, stride 131072
2025-07-10 23:02:49,015 - utils - INFO - Downloaded image for message ID 172137 (Date: 2025-07-10) to data/raw/telegram_images/2025-07-10/tikvahpharma/172137.jpg
2025-07-10 23:02:49,016 - telethon.client.downloads - INFO - Starting direct file download in chunks of 131072 at 0, stride 131072
2025-07-10 23:02:53,104 - utils - INFO - Downloaded image for message ID 172136 (Date: 2025-07-10) to data/raw/telegram_images/2025-07-10/tikvahpharma/172136.jpg
2025-07-10 23:02:53,104 - telethon.client.downloads - INFO - Starting direct file download in chunks of 131072 at 0, stride 131072
2025-07-10 23:02:58,459 - utils - INFO - Downloaded image for message ID 172135 (Date: 2025-07-10) to data/raw/telegram_images/2025-07-10/tikvahpharma/172135.jpg
2025-07-10 23:02:58,459 - utils - INFO - Finished scraping 10 messages and 5 images from tikvahpharma.
2025-07-10 23:02:58,460 - utils - INFO - Raw data for tikvahpharma on 2025-07-10 saved to data/raw/telegram_messages/2025-07-10/tikvahpharma.json
2025-07-10 23:03:03,465 - telethon.network.mtprotosender - INFO - Disconnecting from 149.154.167.91:443/TcpFull...
2025-07-10 23:03:03,465 - telethon.network.mtprotosender - INFO - Disconnection from 149.154.167.91:443/TcpFull complete!
2025-07-10 23:03:03,477 - utils - INFO - Telegram client disconnected.
2025-07-11 21:27:58,356 - utils - ERROR - Error inserting/updating channel (CheMed123): not all arguments converted during string formatting
2025-07-11 21:27:58,360 - utils - ERROR - Error inserting/updating channel (CheMed123): not all arguments converted during string formatting
2025-07-11 21:27:58,360 - utils - ERROR - Error inserting/updating channel (CheMed123): not all arguments converted during string formatting
2025-07-11 21:27:58,360 - utils - ERROR - Error inserting/updating channel (CheMed123): not all arguments converted during string formatting
2025-07-11 21:27:58,360 - utils - ERROR - Error inserting/updating channel (CheMed123): not all arguments converted during string formatting
2025-07-11 21:27:58,360 - utils - ERROR - Error inserting/updating channel (CheMed123): not all arguments converted during string formatting
2025-07-11 21:27:58,360 - utils - ERROR - Error inserting/updating channel (CheMed123): not all arguments converted during string formatting
2025-07-11 21:27:58,361 - utils - ERROR - Error inserting/updating channel (CheMed123): not all arguments converted during string formatting
2025-07-11 21:27:58,361 - utils - ERROR - Error inserting/updating channel (CheMed123): not all arguments converted during string formatting
2025-07-11 21:27:58,361 - utils - ERROR - Error inserting/updating channel (lobelia4cosmetics): not all arguments converted during string formatting
2025-07-11 21:27:58,361 - utils - ERROR - Error inserting/updating channel (tikvahpharma): not all arguments converted during string formatting
2025-07-11 21:31:43,463 - utils - ERROR - Error inserting/updating channel (CheMed123): not all arguments converted during string formatting
2025-07-11 21:31:43,463 - utils - ERROR - Error inserting/updating channel (CheMed123): not all arguments converted during string formatting
2025-07-11 21:31:43,463 - utils - ERROR - Error inserting/updating channel (CheMed123): not all arguments converted during string formatting
2025-07-11 21:31:43,464 - utils - ERROR - Error inserting/updating channel (CheMed123): not all arguments converted during string formatting
2025-07-11 21:31:43,464 - utils - ERROR - Error inserting/updating channel (CheMed123): not all arguments converted during string formatting
2025-07-11 21:31:43,464 - utils - ERROR - Error inserting/updating channel (CheMed123): not all arguments converted during string formatting
2025-07-11 21:31:43,464 - utils - ERROR - Error inserting/updating channel (CheMed123): not all arguments converted during string formatting
2025-07-11 21:31:43,464 - utils - ERROR - Error inserting/updating channel (CheMed123): not all arguments converted during string formatting
2025-07-11 21:31:43,464 - utils - ERROR - Error inserting/updating channel (CheMed123): not all arguments converted during string formatting
2025-07-11 21:31:43,465 - utils - ERROR - Error inserting/updating channel (lobelia4cosmetics): not all arguments converted during string formatting
2025-07-11 21:31:43,465 - utils - ERROR - Error inserting/updating channel (tikvahpharma): not all arguments converted during string formatting
2025-07-11 22:08:44,970 - utils - INFO - Raw table created or already exists.
2025-07-11 22:08:44,976 - utils - INFO - Successfully loaded data/raw/telegram_messages/2023-02-10/CheMed123.json into raw table.
2025-07-11 22:08:44,979 - utils - INFO - Successfully loaded data/raw/telegram_messages/2023-02-02/CheMed123.json into raw table.
2025-07-11 22:08:44,981 - utils - INFO - Successfully loaded data/raw/telegram_messages/2023-02-01/CheMed123.json into raw table.
2025-07-11 22:08:44,984 - utils - INFO - Successfully loaded data/raw/telegram_messages/2023-01-31/CheMed123.json into raw table.
2025-07-11 22:08:44,986 - utils - INFO - Successfully loaded data/raw/telegram_messages/2023-01-30/CheMed123.json into raw table.
2025-07-11 22:08:44,988 - utils - INFO - Successfully loaded data/raw/telegram_messages/2023-01-27/CheMed123.json into raw table.
2025-07-11 22:08:44,990 - utils - INFO - Successfully loaded data/raw/telegram_messages/2023-01-26/CheMed123.json into raw table.
2025-07-11 22:08:44,992 - utils - INFO - Successfully loaded data/raw/telegram_messages/2023-01-23/CheMed123.json into raw table.
2025-07-11 22:08:44,994 - utils - INFO - Successfully loaded data/raw/telegram_messages/2023-01-17/CheMed123.json into raw table.
2025-07-11 22:08:44,997 - utils - INFO - Successfully loaded data/raw/telegram_messages/2025-07-10/lobelia4cosmetics.json into raw table.
2025-07-11 22:08:45,000 - utils - INFO - Successfully loaded data/raw/telegram_messages/2025-07-10/tikvahpharma.json into raw table.
2025-07-12 03:33:15,326 - utils - INFO - Raw table created or already exists.
2025-07-12 03:33:15,327 - utils - ERROR - Error loading data/raw/telegram_messages/2023-02-10/CheMed123.json: list indices must be integers or slices, not str
2025-07-12 03:33:15,327 - utils - ERROR - Error loading data/raw/telegram_messages/2023-02-02/CheMed123.json: list indices must be integers or slices, not str
2025-07-12 03:33:15,327 - utils - ERROR - Error loading data/raw/telegram_messages/2023-02-01/CheMed123.json: list indices must be integers or slices, not str
2025-07-12 03:33:15,327 - utils - ERROR - Error loading data/raw/telegram_messages/2023-01-31/CheMed123.json: list indices must be integers or slices, not str
2025-07-12 03:33:15,327 - utils - ERROR - Error loading data/raw/telegram_messages/2023-01-30/CheMed123.json: list indices must be integers or slices, not str
2025-07-12 03:33:15,328 - utils - ERROR - Error loading data/raw/telegram_messages/2023-01-27/CheMed123.json: list indices must be integers or slices, not str
2025-07-12 03:33:15,328 - utils - ERROR - Error loading data/raw/telegram_messages/2023-01-26/CheMed123.json: list indices must be integers or slices, not str
2025-07-12 03:33:15,328 - utils - ERROR - Error loading data/raw/telegram_messages/2023-01-23/CheMed123.json: list indices must be integers or slices, not str
2025-07-12 03:33:15,328 - utils - ERROR - Error loading data/raw/telegram_messages/2023-01-17/CheMed123.json: list indices must be integers or slices, not str
2025-07-12 03:33:15,329 - utils - ERROR - Error loading data/raw/telegram_messages/2025-07-10/lobelia4cosmetics.json: list indices must be integers or slices, not str
2025-07-12 03:33:15,329 - utils - ERROR - Error loading data/raw/telegram_messages/2025-07-10/tikvahpharma.json: list indices must be integers or slices, not str
2025-07-12 03:40:22,342 - utils - INFO - Raw table created or already exists.
2025-07-12 03:45:31,880 - utils - INFO - Raw table created or already exists.
2025-07-12 03:45:31,881 - utils - ERROR - Error loading data/raw/telegram_messages/2023-02-10/CheMed123.json: can't adapt type 'dict'
2025-07-12 03:45:31,881 - utils - ERROR - Error loading data/raw/telegram_messages/2023-02-02/CheMed123.json: can't adapt type 'dict'
2025-07-12 03:45:31,881 - utils - ERROR - Error loading data/raw/telegram_messages/2023-02-01/CheMed123.json: can't adapt type 'dict'
2025-07-12 03:45:31,881 - utils - ERROR - Error loading data/raw/telegram_messages/2023-01-31/CheMed123.json: can't adapt type 'dict'
2025-07-12 03:45:31,881 - utils - ERROR - Error loading data/raw/telegram_messages/2023-01-30/CheMed123.json: can't adapt type 'dict'
2025-07-12 03:45:31,881 - utils - ERROR - Error loading data/raw/telegram_messages/2023-01-27/CheMed123.json: can't adapt type 'dict'
2025-07-12 03:45:31,881 - utils - ERROR - Error loading data/raw/telegram_messages/2023-01-26/CheMed123.json: can't adapt type 'dict'
2025-07-12 03:45:31,882 - utils - ERROR - Error loading data/raw/telegram_messages/2023-01-23/CheMed123.json: can't adapt type 'dict'
2025-07-12 03:45:31,882 - utils - ERROR - Error loading data/raw/telegram_messages/2023-01-17/CheMed123.json: can't adapt type 'dict'
2025-07-12 03:45:31,882 - utils - ERROR - Error loading data/raw/telegram_messages/2025-07-10/lobelia4cosmetics.json: can't adapt type 'dict'
2025-07-12 03:45:31,882 - utils - ERROR - Error loading data/raw/telegram_messages/2025-07-10/tikvahpharma.json: can't adapt type 'dict'
2025-07-12 11:43:00,885 - utils - INFO - Raw table created or already exists.
2025-07-12 11:43:00,885 - utils - ERROR - Error loading data/raw/telegram_messages/2023-02-10/CheMed123.json: can't adapt type 'dict'
2025-07-12 11:43:00,885 - utils - ERROR - Error loading data/raw/telegram_messages/2023-02-02/CheMed123.json: can't adapt type 'dict'
2025-07-12 11:43:00,886 - utils - ERROR - Error loading data/raw/telegram_messages/2023-02-01/CheMed123.json: can't adapt type 'dict'
2025-07-12 11:43:00,886 - utils - ERROR - Error loading data/raw/telegram_messages/2023-01-31/CheMed123.json: can't adapt type 'dict'
2025-07-12 11:43:00,886 - utils - ERROR - Error loading data/raw/telegram_messages/2023-01-30/CheMed123.json: can't adapt type 'dict'
2025-07-12 11:43:00,887 - utils - ERROR - Error loading data/raw/telegram_messages/2023-01-27/CheMed123.json: can't adapt type 'dict'
2025-07-12 11:43:00,887 - utils - ERROR - Error loading data/raw/telegram_messages/2023-01-26/CheMed123.json: can't adapt type 'dict'
2025-07-12 11:43:00,887 - utils - ERROR - Error loading data/raw/telegram_messages/2023-01-23/CheMed123.json: can't adapt type 'dict'
2025-07-12 11:43:00,887 - utils - ERROR - Error loading data/raw/telegram_messages/2023-01-17/CheMed123.json: can't adapt type 'dict'
2025-07-12 11:43:00,888 - utils - ERROR - Error loading data/raw/telegram_messages/2025-07-10/lobelia4cosmetics.json: can't adapt type 'dict'
2025-07-12 11:43:00,889 - utils - ERROR - Error loading data/raw/telegram_messages/2025-07-10/tikvahpharma.json: can't adapt type 'dict'
2025-07-12 11:43:33,448 - utils - INFO - Raw table created or already exists.
2025-07-12 11:43:33,459 - utils - INFO - Successfully loaded data/raw/telegram_messages/2023-02-10/CheMed123.json into raw table.
2025-07-12 11:43:33,462 - utils - INFO - Successfully loaded data/raw/telegram_messages/2023-02-02/CheMed123.json into raw table.
2025-07-12 11:43:33,465 - utils - INFO - Successfully loaded data/raw/telegram_messages/2023-02-01/CheMed123.json into raw table.
2025-07-12 11:43:33,468 - utils - INFO - Successfully loaded data/raw/telegram_messages/2023-01-31/CheMed123.json into raw table.
2025-07-12 11:43:33,471 - utils - INFO - Successfully loaded data/raw/telegram_messages/2023-01-30/CheMed123.json into raw table.
2025-07-12 11:43:33,474 - utils - INFO - Successfully loaded data/raw/telegram_messages/2023-01-27/CheMed123.json into raw table.
2025-07-12 11:43:33,476 - utils - INFO - Successfully loaded data/raw/telegram_messages/2023-01-26/CheMed123.json into raw table.
2025-07-12 11:43:33,479 - utils - INFO - Successfully loaded data/raw/telegram_messages/2023-01-23/CheMed123.json into raw table.
2025-07-12 11:43:33,481 - utils - INFO - Successfully loaded data/raw/telegram_messages/2023-01-17/CheMed123.json into raw table.
2025-07-12 11:43:33,485 - utils - INFO - Successfully loaded data/raw/telegram_messages/2025-07-10/lobelia4cosmetics.json into raw table.
2025-07-12 11:43:33,490 - utils - INFO - Successfully loaded data/raw/telegram_messages/2025-07-10/tikvahpharma.json into raw table.
2025-07-12 15:22:28,351 - utils - INFO - Connecting to Telegram...
2025-07-12 15:22:28,353 - telethon.network.mtprotosender - INFO - Connecting to 149.154.167.91:443/TcpFull...
2025-07-12 15:22:28,473 - telethon.network.mtprotosender - INFO - Connection to 149.154.167.91:443/TcpFull complete!
2025-07-12 15:24:43,987 - utils - INFO - Starting scraping for channel: CheMed123
2025-07-12 15:24:44,175 - utils - ERROR - Error scraping channel CheMed123: 'Message' object does not support item assignment
2025-07-12 15:24:44,176 - utils - INFO - Finished scraping 0 messages and 0 images from CheMed123.
2025-07-12 15:24:53,026 - utils - INFO - Starting scraping for channel: lobelia4cosmetics
2025-07-12 15:24:53,765 - utils - ERROR - Error scraping channel lobelia4cosmetics: 'Message' object does not support item assignment
2025-07-12 15:24:53,765 - utils - INFO - Finished scraping 0 messages and 0 images from lobelia4cosmetics.
2025-07-12 15:24:58,925 - utils - INFO - Starting scraping for channel: tikvahpharma
2025-07-12 15:24:59,280 - utils - ERROR - Error scraping channel tikvahpharma: 'Message' object does not support item assignment
2025-07-12 15:24:59,280 - utils - INFO - Finished scraping 0 messages and 0 images from tikvahpharma.
2025-07-12 15:25:04,286 - telethon.network.mtprotosender - INFO - Disconnecting from 149.154.167.91:443/TcpFull...
2025-07-12 15:25:04,287 - telethon.network.mtprotosender - INFO - Disconnection from 149.154.167.91:443/TcpFull complete!
2025-07-12 15:25:04,298 - utils - INFO - Telegram client disconnected.
2025-07-12 15:37:57,758 - utils - INFO - Connecting to Telegram...
2025-07-12 15:37:57,760 - telethon.network.mtprotosender - INFO - Connecting to 149.154.167.91:443/TcpFull...
2025-07-12 15:37:57,881 - telethon.network.mtprotosender - INFO - Connection to 149.154.167.91:443/TcpFull complete!
2025-07-12 15:38:06,816 - utils - INFO - Starting scraping for channel: CheMed123
2025-07-12 15:38:07,179 - telethon.client.downloads - INFO - Starting direct file download in chunks of 131072 at 0, stride 131072
2025-07-12 15:38:08,960 - utils - INFO - Downloaded image for message ID 97 (Date: 2023-02-10) to data/raw/telegram_images/2023-02-10/CheMed123/97.jpg
2025-07-12 15:38:08,961 - telethon.client.downloads - INFO - Starting direct file download in chunks of 131072 at 0, stride 131072
2025-07-12 15:38:12,050 - utils - INFO - Downloaded image for message ID 96 (Date: 2023-02-02) to data/raw/telegram_images/2023-02-02/CheMed123/96.jpg
2025-07-12 15:38:12,051 - telethon.client.downloads - INFO - Starting direct file download in chunks of 131072 at 0, stride 131072
2025-07-12 15:38:13,690 - utils - INFO - Downloaded image for message ID 95 (Date: 2023-02-01) to data/raw/telegram_images/2023-02-01/CheMed123/95.jpg
2025-07-12 15:38:13,691 - telethon.client.downloads - INFO - Starting direct file download in chunks of 131072 at 0, stride 131072
2025-07-12 15:38:15,577 - utils - INFO - Downloaded image for message ID 94 (Date: 2023-01-31) to data/raw/telegram_images/2023-01-31/CheMed123/94.jpg
2025-07-12 15:38:15,578 - telethon.client.downloads - INFO - Starting direct file download in chunks of 131072 at 0, stride 131072
2025-07-12 15:38:19,139 - utils - INFO - Downloaded image for message ID 93 (Date: 2023-01-30) to data/raw/telegram_images/2023-01-30/CheMed123/93.jpg
2025-07-12 15:38:19,139 - telethon.client.downloads - INFO - Starting direct file download in chunks of 131072 at 0, stride 131072
2025-07-12 15:38:22,162 - utils - INFO - Downloaded image for message ID 92 (Date: 2023-01-27) to data/raw/telegram_images/2023-01-27/CheMed123/92.jpg
2025-07-12 15:38:22,162 - telethon.client.downloads - INFO - Starting direct file download in chunks of 131072 at 0, stride 131072
2025-07-12 15:38:24,765 - utils - INFO - Downloaded image for message ID 91 (Date: 2023-01-26) to data/raw/telegram_images/2023-01-26/CheMed123/91.jpg
2025-07-12 15:38:24,766 - telethon.client.downloads - INFO - Starting direct file download in chunks of 131072 at 0, stride 131072
2025-07-12 15:38:30,141 - utils - INFO - Downloaded image for message ID 90 (Date: 2023-01-23) to data/raw/telegram_images/2023-01-23/CheMed123/90.jpg
2025-07-12 15:38:30,141 - utils - INFO - Skipping non-image media for message ID 89 (Date: 2023-01-17, type: document)
2025-07-12 15:38:30,141 - telethon.client.downloads - INFO - Starting direct file download in chunks of 131072 at 0, stride 131072
2025-07-12 15:38:33,048 - utils - INFO - Downloaded image for message ID 88 (Date: 2023-01-17) to data/raw/telegram_images/2023-01-17/CheMed123/88.jpg
2025-07-12 15:38:33,049 - utils - INFO - Finished scraping 10 messages and 9 images from CheMed123.
2025-07-12 15:38:33,066 - utils - ERROR - Could not scrape https://t.me/CheMed123: Object of type Channel is not JSON serializable
2025-07-12 15:38:33,181 - utils - INFO - Starting scraping for channel: lobelia4cosmetics
2025-07-12 15:38:33,329 - telethon.client.downloads - INFO - Starting direct file download in chunks of 131072 at 0, stride 131072
2025-07-12 15:38:35,150 - utils - INFO - Downloaded image for message ID 18532 (Date: 2025-07-12) to data/raw/telegram_images/2025-07-12/lobelia4cosmetics/18532.jpg
2025-07-12 15:38:35,150 - telethon.client.downloads - INFO - Starting direct file download in chunks of 131072 at 0, stride 131072
2025-07-12 15:38:36,312 - utils - INFO - Downloaded image for message ID 18531 (Date: 2025-07-12) to data/raw/telegram_images/2025-07-12/lobelia4cosmetics/18531.jpg
2025-07-12 15:38:36,313 - telethon.client.downloads - INFO - Starting direct file download in chunks of 131072 at 0, stride 131072
2025-07-12 15:38:39,409 - utils - INFO - Downloaded image for message ID 18530 (Date: 2025-07-12) to data/raw/telegram_images/2025-07-12/lobelia4cosmetics/18530.jpg
2025-07-12 15:38:39,409 - telethon.client.downloads - INFO - Starting direct file download in chunks of 131072 at 0, stride 131072
2025-07-12 15:38:40,020 - utils - INFO - Downloaded image for message ID 18529 (Date: 2025-07-12) to data/raw/telegram_images/2025-07-12/lobelia4cosmetics/18529.jpg
2025-07-12 15:38:40,021 - telethon.client.downloads - INFO - Starting direct file download in chunks of 131072 at 0, stride 131072
2025-07-12 15:38:40,927 - utils - INFO - Downloaded image for message ID 18528 (Date: 2025-07-12) to data/raw/telegram_images/2025-07-12/lobelia4cosmetics/18528.jpg
2025-07-12 15:38:40,928 - telethon.client.downloads - INFO - Starting direct file download in chunks of 131072 at 0, stride 131072
2025-07-12 15:38:43,318 - utils - INFO - Downloaded image for message ID 18527 (Date: 2025-07-11) to data/raw/telegram_images/2025-07-11/lobelia4cosmetics/18527.jpg
2025-07-12 15:38:43,318 - telethon.client.downloads - INFO - Starting direct file download in chunks of 131072 at 0, stride 131072
2025-07-12 15:38:46,317 - utils - INFO - Downloaded image for message ID 18526 (Date: 2025-07-11) to data/raw/telegram_images/2025-07-11/lobelia4cosmetics/18526.jpg
2025-07-12 15:38:46,318 - telethon.client.downloads - INFO - Starting direct file download in chunks of 131072 at 0, stride 131072
2025-07-12 15:38:47,229 - utils - INFO - Downloaded image for message ID 18525 (Date: 2025-07-11) to data/raw/telegram_images/2025-07-11/lobelia4cosmetics/18525.jpg
2025-07-12 15:38:47,230 - telethon.client.downloads - INFO - Starting direct file download in chunks of 131072 at 0, stride 131072
2025-07-12 15:38:48,771 - utils - INFO - Downloaded image for message ID 18524 (Date: 2025-07-11) to data/raw/telegram_images/2025-07-11/lobelia4cosmetics/18524.jpg
2025-07-12 15:38:48,772 - telethon.client.downloads - INFO - Starting direct file download in chunks of 131072 at 0, stride 131072
2025-07-12 15:38:49,548 - utils - INFO - Downloaded image for message ID 18523 (Date: 2025-07-11) to data/raw/telegram_images/2025-07-11/lobelia4cosmetics/18523.jpg
2025-07-12 15:38:49,548 - utils - INFO - Finished scraping 10 messages and 10 images from lobelia4cosmetics.
2025-07-12 15:38:49,549 - utils - ERROR - Could not scrape https://t.me/lobelia4cosmetics: Object of type Channel is not JSON serializable
2025-07-12 15:38:49,687 - utils - INFO - Starting scraping for channel: tikvahpharma
2025-07-12 15:38:49,857 - utils - INFO - Skipping non-image media for message ID 172360 (Date: 2025-07-12, type: None)
2025-07-12 15:38:49,857 - telethon.client.downloads - INFO - Starting direct file download in chunks of 131072 at 0, stride 131072
2025-07-12 15:38:51,169 - utils - INFO - Downloaded image for message ID 172350 (Date: 2025-07-12) to data/raw/telegram_images/2025-07-12/tikvahpharma/172350.jpg
2025-07-12 15:38:51,170 - telethon.client.downloads - INFO - Starting direct file download in chunks of 131072 at 0, stride 131072
2025-07-12 15:38:53,114 - utils - INFO - Downloaded image for message ID 172345 (Date: 2025-07-12) to data/raw/telegram_images/2025-07-12/tikvahpharma/172345.jpg
2025-07-12 15:38:53,115 - utils - INFO - Skipping non-image media for message ID 172332 (Date: 2025-07-12, type: None)
2025-07-12 15:38:53,115 - utils - INFO - Finished scraping 10 messages and 2 images from tikvahpharma.
2025-07-12 15:38:53,116 - utils - ERROR - Could not scrape https://t.me/tikvahpharma: Object of type Channel is not JSON serializable
2025-07-12 15:38:53,116 - telethon.network.mtprotosender - INFO - Disconnecting from 149.154.167.91:443/TcpFull...
2025-07-12 15:38:53,117 - telethon.network.mtprotosender - INFO - Disconnection from 149.154.167.91:443/TcpFull complete!
2025-07-12 15:38:53,128 - utils - INFO - Telegram client disconnected.
2025-07-12 15:49:30,644 - utils - INFO - Connecting to Telegram...
2025-07-12 15:49:30,646 - telethon.network.mtprotosender - INFO - Connecting to 149.154.167.91:443/TcpFull...
2025-07-12 15:49:40,657 - telethon.network.mtprotosender - WARNING - Attempt 1 at connecting failed: TimeoutError: 
2025-07-12 15:49:41,809 - telethon.network.mtprotosender - INFO - Connection to 149.154.167.91:443/TcpFull complete!
2025-07-12 15:50:03,209 - utils - INFO - Starting scraping for channel: CheMed123
2025-07-12 15:50:10,754 - telethon.client.downloads - INFO - Starting direct file download in chunks of 131072 at 0, stride 131072
2025-07-12 15:50:11,729 - utils - INFO - Downloaded image for message ID 97 (Date: 2023-02-10) to data/raw/telegram_images/2023-02-10/CheMed123/97.jpg
2025-07-12 15:50:11,730 - telethon.client.downloads - INFO - Starting direct file download in chunks of 131072 at 0, stride 131072
2025-07-12 15:50:12,869 - utils - INFO - Downloaded image for message ID 96 (Date: 2023-02-02) to data/raw/telegram_images/2023-02-02/CheMed123/96.jpg
2025-07-12 15:50:12,869 - telethon.client.downloads - INFO - Starting direct file download in chunks of 131072 at 0, stride 131072
2025-07-12 15:50:13,687 - utils - INFO - Downloaded image for message ID 95 (Date: 2023-02-01) to data/raw/telegram_images/2023-02-01/CheMed123/95.jpg
2025-07-12 15:50:13,687 - telethon.client.downloads - INFO - Starting direct file download in chunks of 131072 at 0, stride 131072
2025-07-12 15:50:14,584 - utils - INFO - Downloaded image for message ID 94 (Date: 2023-01-31) to data/raw/telegram_images/2023-01-31/CheMed123/94.jpg
2025-07-12 15:50:14,585 - telethon.client.downloads - INFO - Starting direct file download in chunks of 131072 at 0, stride 131072
2025-07-12 15:50:15,870 - utils - INFO - Downloaded image for message ID 93 (Date: 2023-01-30) to data/raw/telegram_images/2023-01-30/CheMed123/93.jpg
2025-07-12 15:50:15,871 - telethon.client.downloads - INFO - Starting direct file download in chunks of 131072 at 0, stride 131072
2025-07-12 15:50:17,508 - utils - INFO - Downloaded image for message ID 92 (Date: 2023-01-27) to data/raw/telegram_images/2023-01-27/CheMed123/92.jpg
2025-07-12 15:50:17,509 - telethon.client.downloads - INFO - Starting direct file download in chunks of 131072 at 0, stride 131072
2025-07-12 15:50:18,456 - utils - INFO - Downloaded image for message ID 91 (Date: 2023-01-26) to data/raw/telegram_images/2023-01-26/CheMed123/91.jpg
2025-07-12 15:50:18,457 - telethon.client.downloads - INFO - Starting direct file download in chunks of 131072 at 0, stride 131072
2025-07-12 15:50:20,206 - utils - INFO - Downloaded image for message ID 90 (Date: 2023-01-23) to data/raw/telegram_images/2023-01-23/CheMed123/90.jpg
2025-07-12 15:50:20,206 - utils - INFO - Skipping non-image media for message ID 89 (Date: 2023-01-17, type: document)
2025-07-12 15:50:20,207 - telethon.client.downloads - INFO - Starting direct file download in chunks of 131072 at 0, stride 131072
2025-07-12 15:50:21,825 - utils - INFO - Downloaded image for message ID 88 (Date: 2023-01-17) to data/raw/telegram_images/2023-01-17/CheMed123/88.jpg
2025-07-12 15:50:21,826 - utils - INFO - Finished scraping 10 messages and 9 images from CheMed123.
2025-07-12 15:50:21,845 - utils - INFO - Raw data for CheMed123 on 2023-02-10 saved to data/raw/telegram_messages/2023-02-10/CheMed123.json
2025-07-12 15:50:21,845 - utils - INFO - Raw data for CheMed123 on 2023-02-02 saved to data/raw/telegram_messages/2023-02-02/CheMed123.json
2025-07-12 15:50:21,845 - utils - INFO - Raw data for CheMed123 on 2023-02-01 saved to data/raw/telegram_messages/2023-02-01/CheMed123.json
2025-07-12 15:50:21,846 - utils - INFO - Raw data for CheMed123 on 2023-01-31 saved to data/raw/telegram_messages/2023-01-31/CheMed123.json
2025-07-12 15:50:21,846 - utils - INFO - Raw data for CheMed123 on 2023-01-30 saved to data/raw/telegram_messages/2023-01-30/CheMed123.json
2025-07-12 15:50:21,847 - utils - INFO - Raw data for CheMed123 on 2023-01-27 saved to data/raw/telegram_messages/2023-01-27/CheMed123.json
2025-07-12 15:50:21,847 - utils - INFO - Raw data for CheMed123 on 2023-01-26 saved to data/raw/telegram_messages/2023-01-26/CheMed123.json
2025-07-12 15:50:21,848 - utils - INFO - Raw data for CheMed123 on 2023-01-23 saved to data/raw/telegram_messages/2023-01-23/CheMed123.json
2025-07-12 15:50:21,848 - utils - INFO - Raw data for CheMed123 on 2023-01-17 saved to data/raw/telegram_messages/2023-01-17/CheMed123.json
2025-07-12 15:50:31,271 - utils - INFO - Starting scraping for channel: lobelia4cosmetics
2025-07-12 15:50:31,468 - telethon.client.downloads - INFO - Starting direct file download in chunks of 131072 at 0, stride 131072
2025-07-12 15:50:32,264 - utils - INFO - Downloaded image for message ID 18532 (Date: 2025-07-12) to data/raw/telegram_images/2025-07-12/lobelia4cosmetics/18532.jpg
2025-07-12 15:50:32,264 - telethon.client.downloads - INFO - Starting direct file download in chunks of 131072 at 0, stride 131072
2025-07-12 15:50:32,598 - utils - INFO - Downloaded image for message ID 18531 (Date: 2025-07-12) to data/raw/telegram_images/2025-07-12/lobelia4cosmetics/18531.jpg
2025-07-12 15:50:32,598 - telethon.client.downloads - INFO - Starting direct file download in chunks of 131072 at 0, stride 131072
2025-07-12 15:50:33,322 - utils - INFO - Downloaded image for message ID 18530 (Date: 2025-07-12) to data/raw/telegram_images/2025-07-12/lobelia4cosmetics/18530.jpg
2025-07-12 15:50:33,323 - telethon.client.downloads - INFO - Starting direct file download in chunks of 131072 at 0, stride 131072
2025-07-12 15:50:33,510 - utils - INFO - Downloaded image for message ID 18529 (Date: 2025-07-12) to data/raw/telegram_images/2025-07-12/lobelia4cosmetics/18529.jpg
2025-07-12 15:50:33,511 - telethon.client.downloads - INFO - Starting direct file download in chunks of 131072 at 0, stride 131072
2025-07-12 15:50:33,958 - utils - INFO - Downloaded image for message ID 18528 (Date: 2025-07-12) to data/raw/telegram_images/2025-07-12/lobelia4cosmetics/18528.jpg
2025-07-12 15:50:33,958 - telethon.client.downloads - INFO - Starting direct file download in chunks of 131072 at 0, stride 131072
2025-07-12 15:50:34,843 - utils - INFO - Downloaded image for message ID 18527 (Date: 2025-07-11) to data/raw/telegram_images/2025-07-11/lobelia4cosmetics/18527.jpg
2025-07-12 15:50:34,844 - telethon.client.downloads - INFO - Starting direct file download in chunks of 131072 at 0, stride 131072
2025-07-12 15:50:35,757 - utils - INFO - Downloaded image for message ID 18526 (Date: 2025-07-11) to data/raw/telegram_images/2025-07-11/lobelia4cosmetics/18526.jpg
2025-07-12 15:50:35,758 - telethon.client.downloads - INFO - Starting direct file download in chunks of 131072 at 0, stride 131072
2025-07-12 15:50:36,271 - utils - INFO - Downloaded image for message ID 18525 (Date: 2025-07-11) to data/raw/telegram_images/2025-07-11/lobelia4cosmetics/18525.jpg
2025-07-12 15:50:36,272 - telethon.client.downloads - INFO - Starting direct file download in chunks of 131072 at 0, stride 131072
2025-07-12 15:50:37,064 - utils - INFO - Downloaded image for message ID 18524 (Date: 2025-07-11) to data/raw/telegram_images/2025-07-11/lobelia4cosmetics/18524.jpg
2025-07-12 15:50:37,065 - telethon.client.downloads - INFO - Starting direct file download in chunks of 131072 at 0, stride 131072
2025-07-12 15:50:37,772 - utils - INFO - Downloaded image for message ID 18523 (Date: 2025-07-11) to data/raw/telegram_images/2025-07-11/lobelia4cosmetics/18523.jpg
2025-07-12 15:50:37,773 - utils - INFO - Finished scraping 10 messages and 10 images from lobelia4cosmetics.
2025-07-12 15:50:37,774 - utils - INFO - Raw data for lobelia4cosmetics on 2025-07-12 saved to data/raw/telegram_messages/2025-07-12/lobelia4cosmetics.json
2025-07-12 15:50:37,775 - utils - INFO - Raw data for lobelia4cosmetics on 2025-07-11 saved to data/raw/telegram_messages/2025-07-11/lobelia4cosmetics.json
2025-07-12 15:50:42,929 - utils - INFO - Starting scraping for channel: tikvahpharma
2025-07-12 15:50:43,108 - utils - INFO - Skipping non-image media for message ID 172360 (Date: 2025-07-12, type: None)
2025-07-12 15:50:43,108 - telethon.client.downloads - INFO - Starting direct file download in chunks of 131072 at 0, stride 131072
2025-07-12 15:50:44,071 - utils - INFO - Downloaded image for message ID 172350 (Date: 2025-07-12) to data/raw/telegram_images/2025-07-12/tikvahpharma/172350.jpg
2025-07-12 15:50:44,071 - telethon.client.downloads - INFO - Starting direct file download in chunks of 131072 at 0, stride 131072
2025-07-12 15:50:45,223 - utils - INFO - Downloaded image for message ID 172345 (Date: 2025-07-12) to data/raw/telegram_images/2025-07-12/tikvahpharma/172345.jpg
2025-07-12 15:50:45,223 - utils - INFO - Skipping non-image media for message ID 172332 (Date: 2025-07-12, type: None)
2025-07-12 15:50:45,223 - utils - INFO - Finished scraping 10 messages and 2 images from tikvahpharma.
2025-07-12 15:50:45,224 - utils - INFO - Raw data for tikvahpharma on 2025-07-12 saved to data/raw/telegram_messages/2025-07-12/tikvahpharma.json
2025-07-12 15:50:50,226 - telethon.network.mtprotosender - INFO - Disconnecting from 149.154.167.91:443/TcpFull...
2025-07-12 15:50:50,228 - telethon.network.mtprotosender - INFO - Disconnection from 149.154.167.91:443/TcpFull complete!
2025-07-12 15:50:50,241 - utils - INFO - Telegram client disconnected.
2025-07-12 15:54:16,383 - utils - INFO - Connecting to Telegram...
2025-07-12 15:54:16,385 - telethon.network.mtprotosender - INFO - Connecting to 149.154.167.91:443/TcpFull...
2025-07-12 15:54:26,397 - telethon.network.mtprotosender - WARNING - Attempt 1 at connecting failed: TimeoutError: 
2025-07-12 15:54:27,533 - telethon.network.mtprotosender - INFO - Connection to 149.154.167.91:443/TcpFull complete!
2025-07-12 15:54:28,339 - utils - INFO - Starting scraping for channel: CheMed123
2025-07-12 15:54:28,667 - telethon.client.downloads - INFO - Starting direct file download in chunks of 131072 at 0, stride 131072
2025-07-12 15:54:30,459 - utils - INFO - Downloaded image for message ID 97 (Date: 2023-02-10) to data/raw/telegram_images/2023-02-10/CheMed123/97.jpg
2025-07-12 15:54:30,459 - telethon.client.downloads - INFO - Starting direct file download in chunks of 131072 at 0, stride 131072
2025-07-12 15:54:34,212 - utils - INFO - Downloaded image for message ID 96 (Date: 2023-02-02) to data/raw/telegram_images/2023-02-02/CheMed123/96.jpg
2025-07-12 15:54:34,213 - telethon.client.downloads - INFO - Starting direct file download in chunks of 131072 at 0, stride 131072
2025-07-12 15:54:36,085 - utils - INFO - Downloaded image for message ID 95 (Date: 2023-02-01) to data/raw/telegram_images/2023-02-01/CheMed123/95.jpg
2025-07-12 15:54:36,085 - telethon.client.downloads - INFO - Starting direct file download in chunks of 131072 at 0, stride 131072
2025-07-12 15:54:38,269 - utils - INFO - Downloaded image for message ID 94 (Date: 2023-01-31) to data/raw/telegram_images/2023-01-31/CheMed123/94.jpg
2025-07-12 15:54:38,270 - telethon.client.downloads - INFO - Starting direct file download in chunks of 131072 at 0, stride 131072
2025-07-12 15:54:40,419 - utils - INFO - Downloaded image for message ID 93 (Date: 2023-01-30) to data/raw/telegram_images/2023-01-30/CheMed123/93.jpg
2025-07-12 15:54:40,420 - telethon.client.downloads - INFO - Starting direct file download in chunks of 131072 at 0, stride 131072
2025-07-12 15:54:43,184 - utils - INFO - Downloaded image for message ID 92 (Date: 2023-01-27) to data/raw/telegram_images/2023-01-27/CheMed123/92.jpg
2025-07-12 15:54:43,184 - telethon.client.downloads - INFO - Starting direct file download in chunks of 131072 at 0, stride 131072
2025-07-12 15:54:44,180 - utils - INFO - Downloaded image for message ID 91 (Date: 2023-01-26) to data/raw/telegram_images/2023-01-26/CheMed123/91.jpg
2025-07-12 15:54:44,181 - telethon.client.downloads - INFO - Starting direct file download in chunks of 131072 at 0, stride 131072
2025-07-12 15:54:48,113 - utils - INFO - Downloaded image for message ID 90 (Date: 2023-01-23) to data/raw/telegram_images/2023-01-23/CheMed123/90.jpg
2025-07-12 15:54:48,113 - utils - INFO - Skipping non-image media for message ID 89 (Date: 2023-01-17, type: document)
2025-07-12 15:54:48,114 - telethon.client.downloads - INFO - Starting direct file download in chunks of 131072 at 0, stride 131072
2025-07-12 15:54:50,453 - utils - INFO - Downloaded image for message ID 88 (Date: 2023-01-17) to data/raw/telegram_images/2023-01-17/CheMed123/88.jpg
2025-07-12 15:54:50,454 - utils - INFO - Finished scraping 10 messages and 9 images from CheMed123.
2025-07-12 15:54:50,468 - utils - INFO - Raw data for CheMed123 on 2023-02-10 saved to data/raw/telegram_messages/2023-02-10/CheMed123.json
2025-07-12 15:54:50,468 - utils - INFO - Raw data for CheMed123 on 2023-02-02 saved to data/raw/telegram_messages/2023-02-02/CheMed123.json
2025-07-12 15:54:50,469 - utils - INFO - Raw data for CheMed123 on 2023-02-01 saved to data/raw/telegram_messages/2023-02-01/CheMed123.json
2025-07-12 15:54:50,469 - utils - INFO - Raw data for CheMed123 on 2023-01-31 saved to data/raw/telegram_messages/2023-01-31/CheMed123.json
2025-07-12 15:54:50,469 - utils - INFO - Raw data for CheMed123 on 2023-01-30 saved to data/raw/telegram_messages/2023-01-30/CheMed123.json
2025-07-12 15:54:50,470 - utils - INFO - Raw data for CheMed123 on 2023-01-27 saved to data/raw/telegram_messages/2023-01-27/CheMed123.json
2025-07-12 15:54:50,470 - utils - INFO - Raw data for CheMed123 on 2023-01-26 saved to data/raw/telegram_messages/2023-01-26/CheMed123.json
2025-07-12 15:54:50,471 - utils - INFO - Raw data for CheMed123 on 2023-01-23 saved to data/raw/telegram_messages/2023-01-23/CheMed123.json
2025-07-12 15:54:50,471 - utils - INFO - Raw data for CheMed123 on 2023-01-17 saved to data/raw/telegram_messages/2023-01-17/CheMed123.json
2025-07-12 15:54:55,626 - utils - INFO - Starting scraping for channel: lobelia4cosmetics
2025-07-12 15:54:55,802 - telethon.client.downloads - INFO - Starting direct file download in chunks of 131072 at 0, stride 131072
2025-07-12 15:54:57,651 - utils - INFO - Downloaded image for message ID 18532 (Date: 2025-07-12) to data/raw/telegram_images/2025-07-12/lobelia4cosmetics/18532.jpg
2025-07-12 15:54:57,651 - telethon.client.downloads - INFO - Starting direct file download in chunks of 131072 at 0, stride 131072
2025-07-12 15:54:58,276 - utils - INFO - Downloaded image for message ID 18531 (Date: 2025-07-12) to data/raw/telegram_images/2025-07-12/lobelia4cosmetics/18531.jpg
2025-07-12 15:54:58,278 - telethon.client.downloads - INFO - Starting direct file download in chunks of 131072 at 0, stride 131072
2025-07-12 15:54:59,912 - utils - INFO - Downloaded image for message ID 18530 (Date: 2025-07-12) to data/raw/telegram_images/2025-07-12/lobelia4cosmetics/18530.jpg
2025-07-12 15:54:59,913 - telethon.client.downloads - INFO - Starting direct file download in chunks of 131072 at 0, stride 131072
2025-07-12 15:55:00,360 - utils - INFO - Downloaded image for message ID 18529 (Date: 2025-07-12) to data/raw/telegram_images/2025-07-12/lobelia4cosmetics/18529.jpg
2025-07-12 15:55:00,361 - telethon.client.downloads - INFO - Starting direct file download in chunks of 131072 at 0, stride 131072
2025-07-12 15:55:00,992 - utils - INFO - Downloaded image for message ID 18528 (Date: 2025-07-12) to data/raw/telegram_images/2025-07-12/lobelia4cosmetics/18528.jpg
2025-07-12 15:55:00,992 - telethon.client.downloads - INFO - Starting direct file download in chunks of 131072 at 0, stride 131072
2025-07-12 15:55:04,270 - utils - INFO - Downloaded image for message ID 18527 (Date: 2025-07-11) to data/raw/telegram_images/2025-07-11/lobelia4cosmetics/18527.jpg
2025-07-12 15:55:04,271 - telethon.client.downloads - INFO - Starting direct file download in chunks of 131072 at 0, stride 131072
2025-07-12 15:55:07,047 - utils - INFO - Downloaded image for message ID 18526 (Date: 2025-07-11) to data/raw/telegram_images/2025-07-11/lobelia4cosmetics/18526.jpg
2025-07-12 15:55:07,047 - telethon.client.downloads - INFO - Starting direct file download in chunks of 131072 at 0, stride 131072
2025-07-12 15:55:08,229 - utils - INFO - Downloaded image for message ID 18525 (Date: 2025-07-11) to data/raw/telegram_images/2025-07-11/lobelia4cosmetics/18525.jpg
2025-07-12 15:55:08,229 - telethon.client.downloads - INFO - Starting direct file download in chunks of 131072 at 0, stride 131072
2025-07-12 15:55:10,433 - utils - INFO - Downloaded image for message ID 18524 (Date: 2025-07-11) to data/raw/telegram_images/2025-07-11/lobelia4cosmetics/18524.jpg
2025-07-12 15:55:10,433 - telethon.client.downloads - INFO - Starting direct file download in chunks of 131072 at 0, stride 131072
2025-07-12 15:55:11,924 - utils - INFO - Downloaded image for message ID 18523 (Date: 2025-07-11) to data/raw/telegram_images/2025-07-11/lobelia4cosmetics/18523.jpg
2025-07-12 15:55:11,924 - utils - INFO - Finished scraping 10 messages and 10 images from lobelia4cosmetics.
2025-07-12 15:55:11,925 - utils - INFO - Raw data for lobelia4cosmetics on 2025-07-12 saved to data/raw/telegram_messages/2025-07-12/lobelia4cosmetics.json
2025-07-12 15:55:11,926 - utils - INFO - Raw data for lobelia4cosmetics on 2025-07-11 saved to data/raw/telegram_messages/2025-07-11/lobelia4cosmetics.json
2025-07-12 15:55:17,108 - utils - INFO - Starting scraping for channel: tikvahpharma
2025-07-12 15:55:17,486 - utils - INFO - Skipping non-image media for message ID 172360 (Date: 2025-07-12, type: None)
2025-07-12 15:55:17,486 - telethon.client.downloads - INFO - Starting direct file download in chunks of 131072 at 0, stride 131072
2025-07-12 15:55:19,997 - utils - INFO - Downloaded image for message ID 172350 (Date: 2025-07-12) to data/raw/telegram_images/2025-07-12/tikvahpharma/172350.jpg
2025-07-12 15:55:19,998 - telethon.client.downloads - INFO - Starting direct file download in chunks of 131072 at 0, stride 131072
2025-07-12 15:55:23,837 - utils - INFO - Downloaded image for message ID 172345 (Date: 2025-07-12) to data/raw/telegram_images/2025-07-12/tikvahpharma/172345.jpg
2025-07-12 15:55:23,837 - utils - INFO - Skipping non-image media for message ID 172332 (Date: 2025-07-12, type: None)
2025-07-12 15:55:23,837 - utils - INFO - Finished scraping 10 messages and 2 images from tikvahpharma.
2025-07-12 15:55:23,838 - utils - INFO - Raw data for tikvahpharma on 2025-07-12 saved to data/raw/telegram_messages/2025-07-12/tikvahpharma.json
2025-07-12 15:55:28,840 - telethon.network.mtprotosender - INFO - Disconnecting from 149.154.167.91:443/TcpFull...
2025-07-12 15:55:28,841 - telethon.network.mtprotosender - INFO - Disconnection from 149.154.167.91:443/TcpFull complete!
2025-07-12 15:55:28,854 - utils - INFO - Telegram client disconnected.
2025-07-12 16:02:57,196 - utils - INFO - Raw table created or already exists.
2025-07-12 16:03:07,880 - utils - INFO - Successfully loaded data/raw/telegram_messages/2023-02-10/CheMed123.json into raw table.
2025-07-12 16:03:14,742 - utils - INFO - Successfully loaded data/raw/telegram_messages/2023-02-02/CheMed123.json into raw table.
2025-07-12 16:03:14,745 - utils - INFO - Successfully loaded data/raw/telegram_messages/2023-02-01/CheMed123.json into raw table.
2025-07-12 16:03:14,748 - utils - INFO - Successfully loaded data/raw/telegram_messages/2023-01-31/CheMed123.json into raw table.
2025-07-12 16:03:14,751 - utils - INFO - Successfully loaded data/raw/telegram_messages/2023-01-30/CheMed123.json into raw table.
2025-07-12 16:03:14,754 - utils - INFO - Successfully loaded data/raw/telegram_messages/2023-01-27/CheMed123.json into raw table.
2025-07-12 16:03:14,756 - utils - INFO - Successfully loaded data/raw/telegram_messages/2023-01-26/CheMed123.json into raw table.
2025-07-12 16:03:14,759 - utils - INFO - Successfully loaded data/raw/telegram_messages/2023-01-23/CheMed123.json into raw table.
2025-07-12 16:03:14,762 - utils - INFO - Successfully loaded data/raw/telegram_messages/2023-01-17/CheMed123.json into raw table.
2025-07-12 16:03:14,765 - utils - INFO - Successfully loaded data/raw/telegram_messages/2025-07-12/lobelia4cosmetics.json into raw table.
2025-07-12 16:03:14,770 - utils - INFO - Successfully loaded data/raw/telegram_messages/2025-07-12/tikvahpharma.json into raw table.
2025-07-12 16:03:14,773 - utils - INFO - Successfully loaded data/raw/telegram_messages/2025-07-11/lobelia4cosmetics.json into raw table.
2025-07-12 16:39:16,303 - utils - INFO - Raw table created or already exists.
2025-07-12 16:39:16,309 - utils - INFO - Successfully loaded data/raw/telegram_messages/2023-02-10/CheMed123.json into raw table.
2025-07-12 16:39:16,312 - utils - INFO - Successfully loaded data/raw/telegram_messages/2023-02-02/CheMed123.json into raw table.
2025-07-12 16:39:16,315 - utils - INFO - Successfully loaded data/raw/telegram_messages/2023-02-01/CheMed123.json into raw table.
2025-07-12 16:39:16,318 - utils - INFO - Successfully loaded data/raw/telegram_messages/2023-01-31/CheMed123.json into raw table.
2025-07-12 16:39:16,321 - utils - INFO - Successfully loaded data/raw/telegram_messages/2023-01-30/CheMed123.json into raw table.
2025-07-12 16:39:16,324 - utils - INFO - Successfully loaded data/raw/telegram_messages/2023-01-27/CheMed123.json into raw table.
2025-07-12 16:39:16,327 - utils - INFO - Successfully loaded data/raw/telegram_messages/2023-01-26/CheMed123.json into raw table.
2025-07-12 16:39:16,330 - utils - INFO - Successfully loaded data/raw/telegram_messages/2023-01-23/CheMed123.json into raw table.
2025-07-12 16:39:16,333 - utils - INFO - Successfully loaded data/raw/telegram_messages/2023-01-17/CheMed123.json into raw table.
2025-07-12 16:39:16,336 - utils - INFO - Successfully loaded data/raw/telegram_messages/2025-07-12/lobelia4cosmetics.json into raw table.
2025-07-12 16:39:16,341 - utils - INFO - Successfully loaded data/raw/telegram_messages/2025-07-12/tikvahpharma.json into raw table.
2025-07-12 16:39:16,344 - utils - INFO - Successfully loaded data/raw/telegram_messages/2025-07-11/lobelia4cosmetics.json into raw table.
